<?xml version="1.0" encoding="UTF-8"?>
<!-- Generated by org.testng.reporters.JUnitXMLReporter -->
<testsuite ignored="0" hostname="C02HD4QKQ6L5" failures="0" tests="12" name="Surefire test" time="11.885" errors="0" timestamp="2024-02-01T15:32:10 IST">
  <testcase classname="PetStore_API_Automation.PetStore_API_Automation.AppTest" name="testApp" time="0.005"/>
  <testcase classname="Api.Test.StoreTest" name="testPostStore" time="3.876"/>
  <testcase classname="Api.Test.UserTest" name="testPostUser" time="0.471"/>
  <testcase classname="Api.Test.UserTest" name="testGetUser" time="0.657"/>
  <testcase classname="Api.Test.UserTest" name="testUpdateUser" time="1.25"/>
  <testcase classname="Api.Test.UserTest" name="testdeleteUser" time="0.423"/>
  <testcase classname="Api.Test.DDUserTest" name="PostUserTest" time="0.51"/>
  <testcase classname="Api.Test.DDUserTest" name="PostUserTest" time="0.435"/>
  <testcase classname="Api.Test.DDUserTest" name="PostUserTest" time="0.425"/>
  <testcase classname="Api.Test.DDUserTest" name="DeleteUser" time="0.628"/>
  <testcase classname="Api.Test.DDUserTest" name="DeleteUser" time="0.549"/>
  <testcase classname="Api.Test.DDUserTest" name="DeleteUser" time="0.377"/>
</testsuite> <!-- Surefire test -->
