<?xml version="1.0" encoding="UTF-8"?>
<!-- Generated by org.testng.reporters.JUnitXMLReporter -->
<testsuite ignored="0" hostname="C02HD4QKQ6L5" failures="0" tests="9" name="Default test" time="22.105" errors="0" timestamp="2024-02-13T15:40:55 IST">
  <testcase classname="Api.Test.DDUserTest" name="PostUserTest" time="4.485"/>
  <testcase classname="Api.Test.DDUserTest" name="PostUserTest" time="1.935"/>
  <testcase classname="Api.Test.DDUserTest" name="PostUserTest" time="1.939"/>
  <testcase classname="Api.Test.DDUserTest" name="GetUserTest" time="1.877"/>
  <testcase classname="Api.Test.DDUserTest" name="GetUserTest" time="2.036"/>
  <testcase classname="Api.Test.DDUserTest" name="GetUserTest" time="2.049"/>
  <testcase classname="Api.Test.DDUserTest" name="DeleteUser" time="1.901"/>
  <testcase classname="Api.Test.DDUserTest" name="DeleteUser" time="1.721"/>
  <testcase classname="Api.Test.DDUserTest" name="DeleteUser" time="1.738"/>
</testsuite> <!-- Default test -->
