<?xml version="1.0" encoding="UTF-8"?>
<!-- Generated by org.testng.reporters.JUnitXMLReporter -->
<testsuite ignored="0" hostname="C02HD4QKQ6L5" failures="0" tests="6" name="Default test" time="8.551" errors="0" timestamp="2024-02-01T15:07:21 IST">
  <testcase classname="Api.Test.DDUserTest" name="PostUserTest" time="4.147"/>
  <testcase classname="Api.Test.DDUserTest" name="PostUserTest" time="0.522"/>
  <testcase classname="Api.Test.DDUserTest" name="PostUserTest" time="0.41"/>
  <testcase classname="Api.Test.DDUserTest" name="DeleteUser" time="0.581"/>
  <testcase classname="Api.Test.DDUserTest" name="DeleteUser" time="0.371"/>
  <testcase classname="Api.Test.DDUserTest" name="DeleteUser" time="0.408"/>
</testsuite> <!-- Default test -->
