<?xml version="1.0" encoding="UTF-8"?>
<!-- Generated by org.testng.reporters.JUnitXMLReporter -->
<testsuite ignored="0" hostname="C02HD4QKQ6L5" failures="0" tests="6" name="Test" time="7.51" errors="0" timestamp="2024-02-01T15:07:50 IST">
  <testcase classname="Api.Test.DDUserTest" name="PostUserTest" time="2.879"/>
  <testcase classname="Api.Test.DDUserTest" name="PostUserTest" time="0.52"/>
  <testcase classname="Api.Test.DDUserTest" name="PostUserTest" time="0.425"/>
  <testcase classname="Api.Test.DDUserTest" name="DeleteUser" time="0.614"/>
  <testcase classname="Api.Test.DDUserTest" name="DeleteUser" time="0.446"/>
  <testcase classname="Api.Test.DDUserTest" name="DeleteUser" time="0.453"/>
</testsuite> <!-- Test -->
