<?xml version="1.0" encoding="UTF-8"?>
<!-- Generated by org.testng.reporters.JUnitXMLReporter -->
<testsuite ignored="0" hostname="C02HD4QKQ6L5" failures="0" tests="6" name="Test" time="5.099" errors="0" timestamp="2024-02-01T16:05:44 IST">
  <testcase classname="Api.Test.DDUserTest" name="PostUserTest" time="1.907"/>
  <testcase classname="Api.Test.DDUserTest" name="PostUserTest" time="0.741"/>
  <testcase classname="Api.Test.DDUserTest" name="PostUserTest" time="0.327"/>
  <testcase classname="Api.Test.DDUserTest" name="DeleteUser" time="0.322"/>
  <testcase classname="Api.Test.DDUserTest" name="DeleteUser" time="0.595"/>
  <testcase classname="Api.Test.DDUserTest" name="DeleteUser" time="0.473"/>
</testsuite> <!-- Test -->
