<?xml version="1.0" encoding="UTF-8"?>
<testng-results ignored="0" total="9" passed="9" failed="0" skipped="0">
  <reporter-output>
  </reporter-output>
  <suite started-at="2024-02-26T17:02:28 IST" name="Suite" finished-at="2024-02-26T17:02:35 IST" duration-ms="6600">
    <groups>
    </groups>
    <test started-at="2024-02-26T17:02:28 IST" name="Test" finished-at="2024-02-26T17:02:35 IST" duration-ms="6600">
      <class name="Api.Test.DDUserTest">
        <test-method signature="PostUserTest(java.lang.String,java.lang.String,java.lang.String,java.lang.String,java.lang.String,java.lang.String,java.lang.String)[pri:1, instance:Api.Test.DDUserTest@542e560f]" started-at="2024-02-26T17:02:29 IST" name="PostUserTest" data-provider="Data" finished-at="2024-02-26T17:02:31 IST" duration-ms="1807" status="PASS">
          <params>
            <param index="0">
              <value>
                <![CDATA[123]]>
              </value>
            </param>
            <param index="1">
              <value>
                <![CDATA[testuser1]]>
              </value>
            </param>
            <param index="2">
              <value>
                <![CDATA[Gaurav]]>
              </value>
            </param>
            <param index="3">
              <value>
                <![CDATA[kolhe]]>
              </value>
            </param>
            <param index="4">
              <value>
                <![CDATA[test@gmail.com]]>
              </value>
            </param>
            <param index="5">
              <value>
                <![CDATA[test@1]]>
              </value>
            </param>
            <param index="6">
              <value>
                <![CDATA[1234567891]]>
              </value>
            </param>
          </params>
          <reporter-output>
          </reporter-output>
        </test-method> <!-- PostUserTest -->
        <test-method signature="PostUserTest(java.lang.String,java.lang.String,java.lang.String,java.lang.String,java.lang.String,java.lang.String,java.lang.String)[pri:1, instance:Api.Test.DDUserTest@542e560f]" started-at="2024-02-26T17:02:31 IST" name="PostUserTest" data-provider="Data" finished-at="2024-02-26T17:02:31 IST" duration-ms="440" status="PASS">
          <params>
            <param index="0">
              <value>
                <![CDATA[122]]>
              </value>
            </param>
            <param index="1">
              <value>
                <![CDATA[testuser2]]>
              </value>
            </param>
            <param index="2">
              <value>
                <![CDATA[prasad]]>
              </value>
            </param>
            <param index="3">
              <value>
                <![CDATA[patil]]>
              </value>
            </param>
            <param index="4">
              <value>
                <![CDATA[test@gmail.com]]>
              </value>
            </param>
            <param index="5">
              <value>
                <![CDATA[test@2]]>
              </value>
            </param>
            <param index="6">
              <value>
                <![CDATA[1234567891]]>
              </value>
            </param>
          </params>
          <reporter-output>
          </reporter-output>
        </test-method> <!-- PostUserTest -->
        <test-method signature="PostUserTest(java.lang.String,java.lang.String,java.lang.String,java.lang.String,java.lang.String,java.lang.String,java.lang.String)[pri:1, instance:Api.Test.DDUserTest@542e560f]" started-at="2024-02-26T17:02:31 IST" name="PostUserTest" data-provider="Data" finished-at="2024-02-26T17:02:31 IST" duration-ms="356" status="PASS">
          <params>
            <param index="0">
              <value>
                <![CDATA[124]]>
              </value>
            </param>
            <param index="1">
              <value>
                <![CDATA[testuser3]]>
              </value>
            </param>
            <param index="2">
              <value>
                <![CDATA[vikas]]>
              </value>
            </param>
            <param index="3">
              <value>
                <![CDATA[hande]]>
              </value>
            </param>
            <param index="4">
              <value>
                <![CDATA[test@gmail.com]]>
              </value>
            </param>
            <param index="5">
              <value>
                <![CDATA[test@3]]>
              </value>
            </param>
            <param index="6">
              <value>
                <![CDATA[1234567891]]>
              </value>
            </param>
          </params>
          <reporter-output>
          </reporter-output>
        </test-method> <!-- PostUserTest -->
        <test-method signature="GetUserTest(java.lang.String)[pri:2, instance:Api.Test.DDUserTest@542e560f]" started-at="2024-02-26T17:02:31 IST" name="GetUserTest" data-provider="UserNames" finished-at="2024-02-26T17:02:32 IST" duration-ms="325" status="PASS">
          <params>
            <param index="0">
              <value>
                <![CDATA[testuser1]]>
              </value>
            </param>
          </params>
          <reporter-output>
          </reporter-output>
        </test-method> <!-- GetUserTest -->
        <test-method signature="GetUserTest(java.lang.String)[pri:2, instance:Api.Test.DDUserTest@542e560f]" started-at="2024-02-26T17:02:32 IST" name="GetUserTest" data-provider="UserNames" finished-at="2024-02-26T17:02:32 IST" duration-ms="326" status="PASS">
          <params>
            <param index="0">
              <value>
                <![CDATA[testuser2]]>
              </value>
            </param>
          </params>
          <reporter-output>
          </reporter-output>
        </test-method> <!-- GetUserTest -->
        <test-method signature="GetUserTest(java.lang.String)[pri:2, instance:Api.Test.DDUserTest@542e560f]" started-at="2024-02-26T17:02:32 IST" name="GetUserTest" data-provider="UserNames" finished-at="2024-02-26T17:02:32 IST" duration-ms="317" status="PASS">
          <params>
            <param index="0">
              <value>
                <![CDATA[testuser3]]>
              </value>
            </param>
          </params>
          <reporter-output>
          </reporter-output>
        </test-method> <!-- GetUserTest -->
        <test-method signature="DeleteUser(java.lang.String)[pri:3, instance:Api.Test.DDUserTest@542e560f]" started-at="2024-02-26T17:02:32 IST" name="DeleteUser" data-provider="UserNames" finished-at="2024-02-26T17:02:33 IST" duration-ms="446" status="PASS">
          <params>
            <param index="0">
              <value>
                <![CDATA[testuser1]]>
              </value>
            </param>
          </params>
          <reporter-output>
          </reporter-output>
        </test-method> <!-- DeleteUser -->
        <test-method signature="DeleteUser(java.lang.String)[pri:3, instance:Api.Test.DDUserTest@542e560f]" started-at="2024-02-26T17:02:33 IST" name="DeleteUser" data-provider="UserNames" finished-at="2024-02-26T17:02:35 IST" duration-ms="1688" status="PASS">
          <params>
            <param index="0">
              <value>
                <![CDATA[testuser2]]>
              </value>
            </param>
          </params>
          <reporter-output>
          </reporter-output>
        </test-method> <!-- DeleteUser -->
        <test-method signature="DeleteUser(java.lang.String)[pri:3, instance:Api.Test.DDUserTest@542e560f]" started-at="2024-02-26T17:02:35 IST" name="DeleteUser" data-provider="UserNames" finished-at="2024-02-26T17:02:35 IST" duration-ms="352" status="PASS">
          <params>
            <param index="0">
              <value>
                <![CDATA[testuser3]]>
              </value>
            </param>
          </params>
          <reporter-output>
          </reporter-output>
        </test-method> <!-- DeleteUser -->
      </class> <!-- Api.Test.DDUserTest -->
    </test> <!-- Test -->
  </suite> <!-- Suite -->
</testng-results>
