<?xml version="1.0" encoding="UTF-8"?>
<testsuite xmlns:xsi="http://www.w3.org/2001/XMLSchema-instance" xsi:noNamespaceSchemaLocation="https://maven.apache.org/surefire/maven-surefire-plugin/xsd/surefire-test-report-3.0.xsd" version="3.0" name="TestSuite" time="17.707" tests="9" errors="0" skipped="0" failures="0">
  <properties>
[...]
</properties>
  <testcase name="PostUserTest[123, testuser1, Gaurav, kolhe, test@gmail.com, test@1, 1234567891](1)" classname="Api.Test.DDUserTest" time="2.538"/>
  <testcase name="PostUserTest[122, testuser2, prasad, patil, test@gmail.com, test@2, 1234567891](2)" classname="Api.Test.DDUserTest" time="1.675"/>
  <testcase name="PostUserTest[124, testuser3, vikas, hande, test@gmail.com, test@3, 1234567891](3)" classname="Api.Test.DDUserTest" time="1.752"/>
  <testcase name="GetUserTest[testuser1](1)" classname="Api.Test.DDUserTest" time="1.675">
    <system-out><![CDATA[io.restassured.internal.RestAssuredResponseImpl@3b28b7b0
]]></system-out>
  </testcase>
  <testcase name="GetUserTest[testuser2](2)" classname="Api.Test.DDUserTest" time="1.661">
    <system-out><![CDATA[io.restassured.internal.RestAssuredResponseImpl@52aa7742
]]></system-out>
  </testcase>
  <testcase name="GetUserTest[testuser3](3)" classname="Api.Test.DDUserTest" time="1.863">
    <system-out><![CDATA[io.restassured.internal.RestAssuredResponseImpl@60807fd9
]]></system-out>
  </testcase>
  <testcase name="DeleteUser[testuser1](1)" classname="Api.Test.DDUserTest" time="1.746"/>
  <testcase name="DeleteUser[testuser2](2)" classname="Api.Test.DDUserTest" time="1.84"/>
  <testcase name="DeleteUser[testuser3](3)" classname="Api.Test.DDUserTest" time="1.636"/>
</testsuite>