<?xml version="1.0" encoding="UTF-8"?>
<testng-results ignored="0" total="9" passed="9" failed="0" skipped="0">
  <reporter-output>
  </reporter-output>
  <suite started-at="2024-02-15T15:36:37 IST" name="Suite" finished-at="2024-02-15T15:36:54 IST" duration-ms="17174">
    <groups>
    </groups>
    <test started-at="2024-02-15T15:36:37 IST" name="Test" finished-at="2024-02-15T15:36:54 IST" duration-ms="17174">
      <class name="Api.Test.DDUserTest">
        <test-method signature="PostUserTest(java.lang.String,java.lang.String,java.lang.String,java.lang.String,java.lang.String,java.lang.String,java.lang.String)[pri:1, instance:Api.Test.DDUserTest@542e560f]" started-at="2024-02-15T15:36:38 IST" name="PostUserTest" data-provider="Data" finished-at="2024-02-15T15:36:40 IST" duration-ms="2537" status="PASS">
          <params>
            <param index="0">
              <value>
                <![CDATA[123]]>
              </value>
            </param>
            <param index="1">
              <value>
                <![CDATA[testuser1]]>
              </value>
            </param>
            <param index="2">
              <value>
                <![CDATA[Gaurav]]>
              </value>
            </param>
            <param index="3">
              <value>
                <![CDATA[kolhe]]>
              </value>
            </param>
            <param index="4">
              <value>
                <![CDATA[test@gmail.com]]>
              </value>
            </param>
            <param index="5">
              <value>
                <![CDATA[test@1]]>
              </value>
            </param>
            <param index="6">
              <value>
                <![CDATA[1234567891]]>
              </value>
            </param>
          </params>
          <reporter-output>
          </reporter-output>
        </test-method> <!-- PostUserTest -->
        <test-method signature="PostUserTest(java.lang.String,java.lang.String,java.lang.String,java.lang.String,java.lang.String,java.lang.String,java.lang.String)[pri:1, instance:Api.Test.DDUserTest@542e560f]" started-at="2024-02-15T15:36:40 IST" name="PostUserTest" data-provider="Data" finished-at="2024-02-15T15:36:42 IST" duration-ms="1673" status="PASS">
          <params>
            <param index="0">
              <value>
                <![CDATA[122]]>
              </value>
            </param>
            <param index="1">
              <value>
                <![CDATA[testuser2]]>
              </value>
            </param>
            <param index="2">
              <value>
                <![CDATA[prasad]]>
              </value>
            </param>
            <param index="3">
              <value>
                <![CDATA[patil]]>
              </value>
            </param>
            <param index="4">
              <value>
                <![CDATA[test@gmail.com]]>
              </value>
            </param>
            <param index="5">
              <value>
                <![CDATA[test@2]]>
              </value>
            </param>
            <param index="6">
              <value>
                <![CDATA[1234567891]]>
              </value>
            </param>
          </params>
          <reporter-output>
          </reporter-output>
        </test-method> <!-- PostUserTest -->
        <test-method signature="PostUserTest(java.lang.String,java.lang.String,java.lang.String,java.lang.String,java.lang.String,java.lang.String,java.lang.String)[pri:1, instance:Api.Test.DDUserTest@542e560f]" started-at="2024-02-15T15:36:42 IST" name="PostUserTest" data-provider="Data" finished-at="2024-02-15T15:36:44 IST" duration-ms="1754" status="PASS">
          <params>
            <param index="0">
              <value>
                <![CDATA[124]]>
              </value>
            </param>
            <param index="1">
              <value>
                <![CDATA[testuser3]]>
              </value>
            </param>
            <param index="2">
              <value>
                <![CDATA[vikas]]>
              </value>
            </param>
            <param index="3">
              <value>
                <![CDATA[hande]]>
              </value>
            </param>
            <param index="4">
              <value>
                <![CDATA[test@gmail.com]]>
              </value>
            </param>
            <param index="5">
              <value>
                <![CDATA[test@3]]>
              </value>
            </param>
            <param index="6">
              <value>
                <![CDATA[1234567891]]>
              </value>
            </param>
          </params>
          <reporter-output>
          </reporter-output>
        </test-method> <!-- PostUserTest -->
        <test-method signature="GetUserTest(java.lang.String)[pri:2, instance:Api.Test.DDUserTest@542e560f]" started-at="2024-02-15T15:36:44 IST" name="GetUserTest" data-provider="UserNames" finished-at="2024-02-15T15:36:46 IST" duration-ms="1666" status="PASS">
          <params>
            <param index="0">
              <value>
                <![CDATA[testuser1]]>
              </value>
            </param>
          </params>
          <reporter-output>
          </reporter-output>
        </test-method> <!-- GetUserTest -->
        <test-method signature="GetUserTest(java.lang.String)[pri:2, instance:Api.Test.DDUserTest@542e560f]" started-at="2024-02-15T15:36:46 IST" name="GetUserTest" data-provider="UserNames" finished-at="2024-02-15T15:36:47 IST" duration-ms="1663" status="PASS">
          <params>
            <param index="0">
              <value>
                <![CDATA[testuser2]]>
              </value>
            </param>
          </params>
          <reporter-output>
          </reporter-output>
        </test-method> <!-- GetUserTest -->
        <test-method signature="GetUserTest(java.lang.String)[pri:2, instance:Api.Test.DDUserTest@542e560f]" started-at="2024-02-15T15:36:47 IST" name="GetUserTest" data-provider="UserNames" finished-at="2024-02-15T15:36:49 IST" duration-ms="1841" status="PASS">
          <params>
            <param index="0">
              <value>
                <![CDATA[testuser3]]>
              </value>
            </param>
          </params>
          <reporter-output>
          </reporter-output>
        </test-method> <!-- GetUserTest -->
        <test-method signature="DeleteUser(java.lang.String)[pri:3, instance:Api.Test.DDUserTest@542e560f]" started-at="2024-02-15T15:36:49 IST" name="DeleteUser" data-provider="UserNames" finished-at="2024-02-15T15:36:51 IST" duration-ms="1744" status="PASS">
          <params>
            <param index="0">
              <value>
                <![CDATA[testuser1]]>
              </value>
            </param>
          </params>
          <reporter-output>
          </reporter-output>
        </test-method> <!-- DeleteUser -->
        <test-method signature="DeleteUser(java.lang.String)[pri:3, instance:Api.Test.DDUserTest@542e560f]" started-at="2024-02-15T15:36:51 IST" name="DeleteUser" data-provider="UserNames" finished-at="2024-02-15T15:36:53 IST" duration-ms="1841" status="PASS">
          <params>
            <param index="0">
              <value>
                <![CDATA[testuser2]]>
              </value>
            </param>
          </params>
          <reporter-output>
          </reporter-output>
        </test-method> <!-- DeleteUser -->
        <test-method signature="DeleteUser(java.lang.String)[pri:3, instance:Api.Test.DDUserTest@542e560f]" started-at="2024-02-15T15:36:53 IST" name="DeleteUser" data-provider="UserNames" finished-at="2024-02-15T15:36:54 IST" duration-ms="1635" status="PASS">
          <params>
            <param index="0">
              <value>
                <![CDATA[testuser3]]>
              </value>
            </param>
          </params>
          <reporter-output>
          </reporter-output>
        </test-method> <!-- DeleteUser -->
      </class> <!-- Api.Test.DDUserTest -->
    </test> <!-- Test -->
  </suite> <!-- Suite -->
</testng-results>
