<?xml version="1.0" encoding="UTF-8"?>
<testng-results ignored="0" total="9" passed="9" failed="0" skipped="0">
  <reporter-output>
  </reporter-output>
  <suite started-at="2024-02-13T15:40:33 IST" name="Default suite" finished-at="2024-02-13T15:40:55 IST" duration-ms="22105">
    <groups>
    </groups>
    <test started-at="2024-02-13T15:40:33 IST" name="Default test" finished-at="2024-02-13T15:40:55 IST" duration-ms="22105">
      <class name="Api.Test.DDUserTest">
        <test-method signature="PostUserTest(java.lang.String,java.lang.String,java.lang.String,java.lang.String,java.lang.String,java.lang.String,java.lang.String)[pri:1, instance:Api.Test.DDUserTest@49f5c307]" started-at="2024-02-13T15:40:35 IST" name="PostUserTest" data-provider="Data" finished-at="2024-02-13T15:40:39 IST" duration-ms="4485" status="PASS">
          <params>
            <param index="0">
              <value>
                <![CDATA[123]]>
              </value>
            </param>
            <param index="1">
              <value>
                <![CDATA[testuser1]]>
              </value>
            </param>
            <param index="2">
              <value>
                <![CDATA[Gaurav]]>
              </value>
            </param>
            <param index="3">
              <value>
                <![CDATA[kolhe]]>
              </value>
            </param>
            <param index="4">
              <value>
                <![CDATA[test@gmail.com]]>
              </value>
            </param>
            <param index="5">
              <value>
                <![CDATA[test@1]]>
              </value>
            </param>
            <param index="6">
              <value>
                <![CDATA[1234567891]]>
              </value>
            </param>
          </params>
          <reporter-output>
          </reporter-output>
        </test-method> <!-- PostUserTest -->
        <test-method signature="PostUserTest(java.lang.String,java.lang.String,java.lang.String,java.lang.String,java.lang.String,java.lang.String,java.lang.String)[pri:1, instance:Api.Test.DDUserTest@49f5c307]" started-at="2024-02-13T15:40:39 IST" name="PostUserTest" data-provider="Data" finished-at="2024-02-13T15:40:41 IST" duration-ms="1935" status="PASS">
          <params>
            <param index="0">
              <value>
                <![CDATA[122]]>
              </value>
            </param>
            <param index="1">
              <value>
                <![CDATA[testuser2]]>
              </value>
            </param>
            <param index="2">
              <value>
                <![CDATA[prasad]]>
              </value>
            </param>
            <param index="3">
              <value>
                <![CDATA[patil]]>
              </value>
            </param>
            <param index="4">
              <value>
                <![CDATA[test@gmail.com]]>
              </value>
            </param>
            <param index="5">
              <value>
                <![CDATA[test@2]]>
              </value>
            </param>
            <param index="6">
              <value>
                <![CDATA[1234567891]]>
              </value>
            </param>
          </params>
          <reporter-output>
          </reporter-output>
        </test-method> <!-- PostUserTest -->
        <test-method signature="PostUserTest(java.lang.String,java.lang.String,java.lang.String,java.lang.String,java.lang.String,java.lang.String,java.lang.String)[pri:1, instance:Api.Test.DDUserTest@49f5c307]" started-at="2024-02-13T15:40:41 IST" name="PostUserTest" data-provider="Data" finished-at="2024-02-13T15:40:43 IST" duration-ms="1939" status="PASS">
          <params>
            <param index="0">
              <value>
                <![CDATA[124]]>
              </value>
            </param>
            <param index="1">
              <value>
                <![CDATA[testuser3]]>
              </value>
            </param>
            <param index="2">
              <value>
                <![CDATA[vikas]]>
              </value>
            </param>
            <param index="3">
              <value>
                <![CDATA[hande]]>
              </value>
            </param>
            <param index="4">
              <value>
                <![CDATA[test@gmail.com]]>
              </value>
            </param>
            <param index="5">
              <value>
                <![CDATA[test@3]]>
              </value>
            </param>
            <param index="6">
              <value>
                <![CDATA[1234567891]]>
              </value>
            </param>
          </params>
          <reporter-output>
          </reporter-output>
        </test-method> <!-- PostUserTest -->
        <test-method signature="GetUserTest(java.lang.String)[pri:2, instance:Api.Test.DDUserTest@49f5c307]" started-at="2024-02-13T15:40:44 IST" name="GetUserTest" data-provider="UserNames" finished-at="2024-02-13T15:40:45 IST" duration-ms="1877" status="PASS">
          <params>
            <param index="0">
              <value>
                <![CDATA[testuser1]]>
              </value>
            </param>
          </params>
          <reporter-output>
          </reporter-output>
        </test-method> <!-- GetUserTest -->
        <test-method signature="GetUserTest(java.lang.String)[pri:2, instance:Api.Test.DDUserTest@49f5c307]" started-at="2024-02-13T15:40:46 IST" name="GetUserTest" data-provider="UserNames" finished-at="2024-02-13T15:40:48 IST" duration-ms="2036" status="PASS">
          <params>
            <param index="0">
              <value>
                <![CDATA[testuser2]]>
              </value>
            </param>
          </params>
          <reporter-output>
          </reporter-output>
        </test-method> <!-- GetUserTest -->
        <test-method signature="GetUserTest(java.lang.String)[pri:2, instance:Api.Test.DDUserTest@49f5c307]" started-at="2024-02-13T15:40:48 IST" name="GetUserTest" data-provider="UserNames" finished-at="2024-02-13T15:40:50 IST" duration-ms="2049" status="PASS">
          <params>
            <param index="0">
              <value>
                <![CDATA[testuser3]]>
              </value>
            </param>
          </params>
          <reporter-output>
          </reporter-output>
        </test-method> <!-- GetUserTest -->
        <test-method signature="DeleteUser(java.lang.String)[pri:3, instance:Api.Test.DDUserTest@49f5c307]" started-at="2024-02-13T15:40:50 IST" name="DeleteUser" data-provider="UserNames" finished-at="2024-02-13T15:40:52 IST" duration-ms="1901" status="PASS">
          <params>
            <param index="0">
              <value>
                <![CDATA[testuser1]]>
              </value>
            </param>
          </params>
          <reporter-output>
          </reporter-output>
        </test-method> <!-- DeleteUser -->
        <test-method signature="DeleteUser(java.lang.String)[pri:3, instance:Api.Test.DDUserTest@49f5c307]" started-at="2024-02-13T15:40:52 IST" name="DeleteUser" data-provider="UserNames" finished-at="2024-02-13T15:40:53 IST" duration-ms="1721" status="PASS">
          <params>
            <param index="0">
              <value>
                <![CDATA[testuser2]]>
              </value>
            </param>
          </params>
          <reporter-output>
          </reporter-output>
        </test-method> <!-- DeleteUser -->
        <test-method signature="DeleteUser(java.lang.String)[pri:3, instance:Api.Test.DDUserTest@49f5c307]" started-at="2024-02-13T15:40:53 IST" name="DeleteUser" data-provider="UserNames" finished-at="2024-02-13T15:40:55 IST" duration-ms="1738" status="PASS">
          <params>
            <param index="0">
              <value>
                <![CDATA[testuser3]]>
              </value>
            </param>
          </params>
          <reporter-output>
          </reporter-output>
        </test-method> <!-- DeleteUser -->
      </class> <!-- Api.Test.DDUserTest -->
    </test> <!-- Default test -->
  </suite> <!-- Default suite -->
</testng-results>
