<?xml version="1.0" encoding="UTF-8"?>
<testng-results ignored="0" total="6" passed="6" failed="0" skipped="0">
  <reporter-output>
  </reporter-output>
  <suite started-at="2024-02-01T15:07:42 IST" name="Suite" finished-at="2024-02-01T15:07:50 IST" duration-ms="7510">
    <groups>
    </groups>
    <test started-at="2024-02-01T15:07:42 IST" name="Test" finished-at="2024-02-01T15:07:50 IST" duration-ms="7510">
      <class name="Api.Test.DDUserTest">
        <test-method signature="PostUserTest(java.lang.String,java.lang.String,java.lang.String,java.lang.String,java.lang.String,java.lang.String,java.lang.String)[pri:1, instance:Api.Test.DDUserTest@361c294e]" started-at="2024-02-01T15:07:44 IST" name="PostUserTest" data-provider="Data" finished-at="2024-02-01T15:07:47 IST" duration-ms="2879" status="PASS">
          <params>
            <param index="0">
              <value>
                <![CDATA[123]]>
              </value>
            </param>
            <param index="1">
              <value>
                <![CDATA[testuser1]]>
              </value>
            </param>
            <param index="2">
              <value>
                <![CDATA[Gaurav]]>
              </value>
            </param>
            <param index="3">
              <value>
                <![CDATA[kolhe]]>
              </value>
            </param>
            <param index="4">
              <value>
                <![CDATA[test@gmail.com]]>
              </value>
            </param>
            <param index="5">
              <value>
                <![CDATA[test@1]]>
              </value>
            </param>
            <param index="6">
              <value>
                <![CDATA[1234567891]]>
              </value>
            </param>
          </params>
          <reporter-output>
          </reporter-output>
        </test-method> <!-- PostUserTest -->
        <test-method signature="PostUserTest(java.lang.String,java.lang.String,java.lang.String,java.lang.String,java.lang.String,java.lang.String,java.lang.String)[pri:1, instance:Api.Test.DDUserTest@361c294e]" started-at="2024-02-01T15:07:47 IST" name="PostUserTest" data-provider="Data" finished-at="2024-02-01T15:07:47 IST" duration-ms="520" status="PASS">
          <params>
            <param index="0">
              <value>
                <![CDATA[122]]>
              </value>
            </param>
            <param index="1">
              <value>
                <![CDATA[testuser2]]>
              </value>
            </param>
            <param index="2">
              <value>
                <![CDATA[prasad]]>
              </value>
            </param>
            <param index="3">
              <value>
                <![CDATA[patil]]>
              </value>
            </param>
            <param index="4">
              <value>
                <![CDATA[test@gmail.com]]>
              </value>
            </param>
            <param index="5">
              <value>
                <![CDATA[test@2]]>
              </value>
            </param>
            <param index="6">
              <value>
                <![CDATA[1234567891]]>
              </value>
            </param>
          </params>
          <reporter-output>
          </reporter-output>
        </test-method> <!-- PostUserTest -->
        <test-method signature="PostUserTest(java.lang.String,java.lang.String,java.lang.String,java.lang.String,java.lang.String,java.lang.String,java.lang.String)[pri:1, instance:Api.Test.DDUserTest@361c294e]" started-at="2024-02-01T15:07:47 IST" name="PostUserTest" data-provider="Data" finished-at="2024-02-01T15:07:48 IST" duration-ms="425" status="PASS">
          <params>
            <param index="0">
              <value>
                <![CDATA[124]]>
              </value>
            </param>
            <param index="1">
              <value>
                <![CDATA[testuser3]]>
              </value>
            </param>
            <param index="2">
              <value>
                <![CDATA[vikas]]>
              </value>
            </param>
            <param index="3">
              <value>
                <![CDATA[hande]]>
              </value>
            </param>
            <param index="4">
              <value>
                <![CDATA[test@gmail.com]]>
              </value>
            </param>
            <param index="5">
              <value>
                <![CDATA[test@3]]>
              </value>
            </param>
            <param index="6">
              <value>
                <![CDATA[1234567891]]>
              </value>
            </param>
          </params>
          <reporter-output>
          </reporter-output>
        </test-method> <!-- PostUserTest -->
        <test-method signature="DeleteUser(java.lang.String)[pri:2, instance:Api.Test.DDUserTest@361c294e]" started-at="2024-02-01T15:07:48 IST" name="DeleteUser" data-provider="UserNames" finished-at="2024-02-01T15:07:49 IST" duration-ms="614" status="PASS">
          <params>
            <param index="0">
              <value>
                <![CDATA[testuser1]]>
              </value>
            </param>
          </params>
          <reporter-output>
          </reporter-output>
        </test-method> <!-- DeleteUser -->
        <test-method signature="DeleteUser(java.lang.String)[pri:2, instance:Api.Test.DDUserTest@361c294e]" started-at="2024-02-01T15:07:49 IST" name="DeleteUser" data-provider="UserNames" finished-at="2024-02-01T15:07:49 IST" duration-ms="446" status="PASS">
          <params>
            <param index="0">
              <value>
                <![CDATA[testuser2]]>
              </value>
            </param>
          </params>
          <reporter-output>
          </reporter-output>
        </test-method> <!-- DeleteUser -->
        <test-method signature="DeleteUser(java.lang.String)[pri:2, instance:Api.Test.DDUserTest@361c294e]" started-at="2024-02-01T15:07:49 IST" name="DeleteUser" data-provider="UserNames" finished-at="2024-02-01T15:07:50 IST" duration-ms="453" status="PASS">
          <params>
            <param index="0">
              <value>
                <![CDATA[testuser3]]>
              </value>
            </param>
          </params>
          <reporter-output>
          </reporter-output>
        </test-method> <!-- DeleteUser -->
      </class> <!-- Api.Test.DDUserTest -->
    </test> <!-- Test -->
  </suite> <!-- Suite -->
</testng-results>
